Start testing: Mar 09 14:31 GMT Standard Time
----------------------------------------------------------
Unable to find executable: core_test_NOT_BUILT
1/90 Testing: core_test_NOT_BUILT
1/90 Test: core_test_NOT_BUILT
Command: ""
Directory: D:/tuple/build_exp/tests
"core_test_NOT_BUILT" start time: 
Output:
----------------------------------------------------------
<end of output>
Test time =   0.00 sec
----------------------------------------------------------
Test Passed.
"core_test_NOT_BUILT" end time: Mar 09 14:31 GMT Standard Time
"core_test_NOT_BUILT" time elapsed: 00:00:00
----------------------------------------------------------

Unable to find executable: test_io_lexer_NOT_BUILT
2/90 Testing: test_io_lexer_NOT_BUILT
2/90 Test: test_io_lexer_NOT_BUILT
Command: ""
Directory: D:/tuple/build_exp/tests
"test_io_lexer_NOT_BUILT" start time: 
Output:
----------------------------------------------------------
<end of output>
Test time =   0.00 sec
----------------------------------------------------------
Test Passed.
"test_io_lexer_NOT_BUILT" end time: Mar 09 14:31 GMT Standard Time
"test_io_lexer_NOT_BUILT" time elapsed: 00:00:00
----------------------------------------------------------

Unable to find executable: solver_test_NOT_BUILT
3/90 Testing: solver_test_NOT_BUILT
3/90 Test: solver_test_NOT_BUILT
Command: ""
Directory: D:/tuple/build_exp/tests
"solver_test_NOT_BUILT" start time: 
Output:
----------------------------------------------------------
<end of output>
Test time =   0.00 sec
----------------------------------------------------------
Test Passed.
"solver_test_NOT_BUILT" end time: Mar 09 14:31 GMT Standard Time
"solver_test_NOT_BUILT" time elapsed: 00:00:00
----------------------------------------------------------

Unable to find executable: test_cost_table_io_NOT_BUILT
4/90 Testing: test_cost_table_io_NOT_BUILT
4/90 Test: test_cost_table_io_NOT_BUILT
Command: ""
Directory: D:/tuple/build_exp/tests
"test_cost_table_io_NOT_BUILT" start time: 
Output:
----------------------------------------------------------
<end of output>
Test time =   0.00 sec
----------------------------------------------------------
Test Passed.
"test_cost_table_io_NOT_BUILT" end time: Mar 09 14:31 GMT Standard Time
"test_cost_table_io_NOT_BUILT" time elapsed: 00:00:00
----------------------------------------------------------

Unable to find executable: test_solver_concepts_NOT_BUILT
5/90 Testing: test_solver_concepts_NOT_BUILT
5/90 Test: test_solver_concepts_NOT_BUILT
Command: ""
Directory: D:/tuple/build_exp/tests
"test_solver_concepts_NOT_BUILT" start time: 
Output:
----------------------------------------------------------
<end of output>
Test time =   0.00 sec
----------------------------------------------------------
Test Passed.
"test_solver_concepts_NOT_BUILT" end time: Mar 09 14:31 GMT Standard Time
"test_solver_concepts_NOT_BUILT" time elapsed: 00:00:00
----------------------------------------------------------

Unable to find executable: test_per_element_space_NOT_BUILT
6/90 Testing: test_per_element_space_NOT_BUILT
6/90 Test: test_per_element_space_NOT_BUILT
Command: ""
Directory: D:/tuple/build_exp/tests
"test_per_element_space_NOT_BUILT" start time: 
Output:
----------------------------------------------------------
<end of output>
Test time =   0.00 sec
----------------------------------------------------------
Test Passed.
"test_per_element_space_NOT_BUILT" end time: Mar 09 14:31 GMT Standard Time
"test_per_element_space_NOT_BUILT" time elapsed: 00:00:00
----------------------------------------------------------

Unable to find executable: test_interval_split_space_NOT_BUILT
7/90 Testing: test_interval_split_space_NOT_BUILT
7/90 Test: test_interval_split_space_NOT_BUILT
Command: ""
Directory: D:/tuple/build_exp/tests
"test_interval_split_space_NOT_BUILT" start time: 
Output:
----------------------------------------------------------
<end of output>
Test time =   0.00 sec
----------------------------------------------------------
Test Passed.
"test_interval_split_space_NOT_BUILT" end time: Mar 09 14:31 GMT Standard Time
"test_interval_split_space_NOT_BUILT" time elapsed: 00:00:00
----------------------------------------------------------

Unable to find executable: test_other_spaces_NOT_BUILT
8/90 Testing: test_other_spaces_NOT_BUILT
8/90 Test: test_other_spaces_NOT_BUILT
Command: ""
Directory: D:/tuple/build_exp/tests
"test_other_spaces_NOT_BUILT" start time: 
Output:
----------------------------------------------------------
<end of output>
Test time =   0.00 sec
----------------------------------------------------------
Test Passed.
"test_other_spaces_NOT_BUILT" end time: Mar 09 14:31 GMT Standard Time
"test_other_spaces_NOT_BUILT" time elapsed: 00:00:00
----------------------------------------------------------

Unable to find executable: test_cost_models_NOT_BUILT
9/90 Testing: test_cost_models_NOT_BUILT
9/90 Test: test_cost_models_NOT_BUILT
Command: ""
Directory: D:/tuple/build_exp/tests
"test_cost_models_NOT_BUILT" start time: 
Output:
----------------------------------------------------------
<end of output>
Test time =   0.00 sec
----------------------------------------------------------
Test Passed.
"test_cost_models_NOT_BUILT" end time: Mar 09 14:31 GMT Standard Time
"test_cost_models_NOT_BUILT" time elapsed: 00:00:00
----------------------------------------------------------

Unable to find executable: test_per_element_argmin_NOT_BUILT
10/90 Testing: test_per_element_argmin_NOT_BUILT
10/90 Test: test_per_element_argmin_NOT_BUILT
Command: ""
Directory: D:/tuple/build_exp/tests
"test_per_element_argmin_NOT_BUILT" start time: 
Output:
----------------------------------------------------------
<end of output>
Test time =   0.00 sec
----------------------------------------------------------
Test Passed.
"test_per_element_argmin_NOT_BUILT" end time: Mar 09 14:31 GMT Standard Time
"test_per_element_argmin_NOT_BUILT" time elapsed: 00:00:00
----------------------------------------------------------

Unable to find executable: test_interval_dp_NOT_BUILT
11/90 Testing: test_interval_dp_NOT_BUILT
11/90 Test: test_interval_dp_NOT_BUILT
Command: ""
Directory: D:/tuple/build_exp/tests
"test_interval_dp_NOT_BUILT" start time: 
Output:
----------------------------------------------------------
<end of output>
Test time =   0.00 sec
----------------------------------------------------------
Test Passed.
"test_interval_dp_NOT_BUILT" end time: Mar 09 14:31 GMT Standard Time
"test_interval_dp_NOT_BUILT" time elapsed: 00:00:00
----------------------------------------------------------

Unable to find executable: test_exhaustive_search_NOT_BUILT
12/90 Testing: test_exhaustive_search_NOT_BUILT
12/90 Test: test_exhaustive_search_NOT_BUILT
Command: ""
Directory: D:/tuple/build_exp/tests
"test_exhaustive_search_NOT_BUILT" start time: 
Output:
----------------------------------------------------------
<end of output>
Test time =   0.00 sec
----------------------------------------------------------
Test Passed.
"test_exhaustive_search_NOT_BUILT" end time: Mar 09 14:31 GMT Standard Time
"test_exhaustive_search_NOT_BUILT" time elapsed: 00:00:00
----------------------------------------------------------

Unable to find executable: test_select_and_run_NOT_BUILT
13/90 Testing: test_select_and_run_NOT_BUILT
13/90 Test: test_select_and_run_NOT_BUILT
Command: ""
Directory: D:/tuple/build_exp/tests
"test_select_and_run_NOT_BUILT" start time: 
Output:
----------------------------------------------------------
<end of output>
Test time =   0.00 sec
----------------------------------------------------------
Test Passed.
"test_select_and_run_NOT_BUILT" end time: Mar 09 14:31 GMT Standard Time
"test_select_and_run_NOT_BUILT" time elapsed: 00:00:00
----------------------------------------------------------

Unable to find executable: test_memo_NOT_BUILT
14/90 Testing: test_memo_NOT_BUILT
14/90 Test: test_memo_NOT_BUILT
Command: ""
Directory: D:/tuple/build_exp/tests
"test_memo_NOT_BUILT" start time: 
Output:
----------------------------------------------------------
<end of output>
Test time =   0.00 sec
----------------------------------------------------------
Test Passed.
"test_memo_NOT_BUILT" end time: Mar 09 14:31 GMT Standard Time
"test_memo_NOT_BUILT" time elapsed: 00:00:00
----------------------------------------------------------

Unable to find executable: test_space_parameterised_NOT_BUILT
15/90 Testing: test_space_parameterised_NOT_BUILT
15/90 Test: test_space_parameterised_NOT_BUILT
Command: ""
Directory: D:/tuple/build_exp/tests
"test_space_parameterised_NOT_BUILT" start time: 
Output:
----------------------------------------------------------
<end of output>
Test time =   0.00 sec
----------------------------------------------------------
Test Passed.
"test_space_parameterised_NOT_BUILT" end time: Mar 09 14:31 GMT Standard Time
"test_space_parameterised_NOT_BUILT" time elapsed: 00:00:00
----------------------------------------------------------

Unable to find executable: test_candidate_traversal_NOT_BUILT
16/90 Testing: test_candidate_traversal_NOT_BUILT
16/90 Test: test_candidate_traversal_NOT_BUILT
Command: ""
Directory: D:/tuple/build_exp/tests
"test_candidate_traversal_NOT_BUILT" start time: 
Output:
----------------------------------------------------------
<end of output>
Test time =   0.00 sec
----------------------------------------------------------
Test Passed.
"test_candidate_traversal_NOT_BUILT" end time: Mar 09 14:31 GMT Standard Time
"test_candidate_traversal_NOT_BUILT" time elapsed: 00:00:00
----------------------------------------------------------

Unable to find executable: test_heterogeneous_space_NOT_BUILT
17/90 Testing: test_heterogeneous_space_NOT_BUILT
17/90 Test: test_heterogeneous_space_NOT_BUILT
Command: ""
Directory: D:/tuple/build_exp/tests
"test_heterogeneous_space_NOT_BUILT" start time: 
Output:
----------------------------------------------------------
<end of output>
Test time =   0.00 sec
----------------------------------------------------------
Test Passed.
"test_heterogeneous_space_NOT_BUILT" end time: Mar 09 14:31 GMT Standard Time
"test_heterogeneous_space_NOT_BUILT" time elapsed: 00:00:00
----------------------------------------------------------

Unable to find executable: test_constrained_search_NOT_BUILT
18/90 Testing: test_constrained_search_NOT_BUILT
18/90 Test: test_constrained_search_NOT_BUILT
Command: ""
Directory: D:/tuple/build_exp/tests
"test_constrained_search_NOT_BUILT" start time: 
Output:
----------------------------------------------------------
<end of output>
Test time =   0.00 sec
----------------------------------------------------------
Test Passed.
"test_constrained_search_NOT_BUILT" end time: Mar 09 14:31 GMT Standard Time
"test_constrained_search_NOT_BUILT" time elapsed: 00:00:00
----------------------------------------------------------

Unable to find executable: test_constraints_NOT_BUILT
19/90 Testing: test_constraints_NOT_BUILT
19/90 Test: test_constraints_NOT_BUILT
Command: ""
Directory: D:/tuple/build_exp/tests
"test_constraints_NOT_BUILT" start time: 
Output:
----------------------------------------------------------
<end of output>
Test time =   0.00 sec
----------------------------------------------------------
Test Passed.
"test_constraints_NOT_BUILT" end time: Mar 09 14:31 GMT Standard Time
"test_constraints_NOT_BUILT" time elapsed: 00:00:00
----------------------------------------------------------

Unable to find executable: algebra_test_NOT_BUILT
20/90 Testing: algebra_test_NOT_BUILT
20/90 Test: algebra_test_NOT_BUILT
Command: ""
Directory: D:/tuple/build_exp/tests
"algebra_test_NOT_BUILT" start time: 
Output:
----------------------------------------------------------
<end of output>
Test time =   0.00 sec
----------------------------------------------------------
Test Passed.
"algebra_test_NOT_BUILT" end time: Mar 09 14:31 GMT Standard Time
"algebra_test_NOT_BUILT" time elapsed: 00:00:00
----------------------------------------------------------

Unable to find executable: graph_step1_test_NOT_BUILT
21/90 Testing: graph_step1_test_NOT_BUILT
21/90 Test: graph_step1_test_NOT_BUILT
Command: ""
Directory: D:/tuple/build_exp/tests
"graph_step1_test_NOT_BUILT" start time: 
Output:
----------------------------------------------------------
<end of output>
Test time =   0.00 sec
----------------------------------------------------------
Test Passed.
"graph_step1_test_NOT_BUILT" end time: Mar 09 14:31 GMT Standard Time
"graph_step1_test_NOT_BUILT" time elapsed: 00:00:00
----------------------------------------------------------

Unable to find executable: graph_step2_test_NOT_BUILT
22/90 Testing: graph_step2_test_NOT_BUILT
22/90 Test: graph_step2_test_NOT_BUILT
Command: ""
Directory: D:/tuple/build_exp/tests
"graph_step2_test_NOT_BUILT" start time: 
Output:
----------------------------------------------------------
<end of output>
Test time =   0.00 sec
----------------------------------------------------------
Test Passed.
"graph_step2_test_NOT_BUILT" end time: Mar 09 14:31 GMT Standard Time
"graph_step2_test_NOT_BUILT" time elapsed: 00:00:00
----------------------------------------------------------

Unable to find executable: graph_step3_test_NOT_BUILT
23/90 Testing: graph_step3_test_NOT_BUILT
23/90 Test: graph_step3_test_NOT_BUILT
Command: ""
Directory: D:/tuple/build_exp/tests
"graph_step3_test_NOT_BUILT" start time: 
Output:
----------------------------------------------------------
<end of output>
Test time =   0.00 sec
----------------------------------------------------------
Test Passed.
"graph_step3_test_NOT_BUILT" end time: Mar 09 14:31 GMT Standard Time
"graph_step3_test_NOT_BUILT" time elapsed: 00:00:00
----------------------------------------------------------

Unable to find executable: test_graph_io_NOT_BUILT
24/90 Testing: test_graph_io_NOT_BUILT
24/90 Test: test_graph_io_NOT_BUILT
Command: ""
Directory: D:/tuple/build_exp/tests
"test_graph_io_NOT_BUILT" start time: 
Output:
----------------------------------------------------------
<end of output>
Test time =   0.00 sec
----------------------------------------------------------
Test Passed.
"test_graph_io_NOT_BUILT" end time: Mar 09 14:31 GMT Standard Time
"test_graph_io_NOT_BUILT" time elapsed: 00:00:00
----------------------------------------------------------

Unable to find executable: test_capacity_policy_NOT_BUILT
25/90 Testing: test_capacity_policy_NOT_BUILT
25/90 Test: test_capacity_policy_NOT_BUILT
Command: ""
Directory: D:/tuple/build_exp/tests
"test_capacity_policy_NOT_BUILT" start time: 
Output:
----------------------------------------------------------
<end of output>
Test time =   0.00 sec
----------------------------------------------------------
Test Passed.
"test_capacity_policy_NOT_BUILT" end time: Mar 09 14:31 GMT Standard Time
"test_capacity_policy_NOT_BUILT" time elapsed: 00:00:00
----------------------------------------------------------

Unable to find executable: test_deduction_aliases_NOT_BUILT
26/90 Testing: test_deduction_aliases_NOT_BUILT
26/90 Test: test_deduction_aliases_NOT_BUILT
Command: ""
Directory: D:/tuple/build_exp/tests
"test_deduction_aliases_NOT_BUILT" start time: 
Output:
----------------------------------------------------------
<end of output>
Test time =   0.00 sec
----------------------------------------------------------
Test Passed.
"test_deduction_aliases_NOT_BUILT" end time: Mar 09 14:31 GMT Standard Time
"test_deduction_aliases_NOT_BUILT" time elapsed: 00:00:00
----------------------------------------------------------

Unable to find executable: test_io_layering_NOT_BUILT
27/90 Testing: test_io_layering_NOT_BUILT
27/90 Test: test_io_layering_NOT_BUILT
Command: ""
Directory: D:/tuple/build_exp/tests
"test_io_layering_NOT_BUILT" start time: 
Output:
----------------------------------------------------------
<end of output>
Test time =   0.00 sec
----------------------------------------------------------
Test Passed.
"test_io_layering_NOT_BUILT" end time: Mar 09 14:31 GMT Standard Time
"test_io_layering_NOT_BUILT" time elapsed: 00:00:00
----------------------------------------------------------

Unable to find executable: graph_step5_test_NOT_BUILT
28/90 Testing: graph_step5_test_NOT_BUILT
28/90 Test: graph_step5_test_NOT_BUILT
Command: ""
Directory: D:/tuple/build_exp/tests
"graph_step5_test_NOT_BUILT" start time: 
Output:
----------------------------------------------------------
<end of output>
Test time =   0.00 sec
----------------------------------------------------------
Test Passed.
"graph_step5_test_NOT_BUILT" end time: Mar 09 14:31 GMT Standard Time
"graph_step5_test_NOT_BUILT" time elapsed: 00:00:00
----------------------------------------------------------

Unable to find executable: graph_step6_test_NOT_BUILT
29/90 Testing: graph_step6_test_NOT_BUILT
29/90 Test: graph_step6_test_NOT_BUILT
Command: ""
Directory: D:/tuple/build_exp/tests
"graph_step6_test_NOT_BUILT" start time: 
Output:
----------------------------------------------------------
<end of output>
Test time =   0.00 sec
----------------------------------------------------------
Test Passed.
"graph_step6_test_NOT_BUILT" end time: Mar 09 14:31 GMT Standard Time
"graph_step6_test_NOT_BUILT" time elapsed: 00:00:00
----------------------------------------------------------

Unable to find executable: graph_step7_test_NOT_BUILT
30/90 Testing: graph_step7_test_NOT_BUILT
30/90 Test: graph_step7_test_NOT_BUILT
Command: ""
Directory: D:/tuple/build_exp/tests
"graph_step7_test_NOT_BUILT" start time: 
Output:
----------------------------------------------------------
<end of output>
Test time =   0.00 sec
----------------------------------------------------------
Test Passed.
"graph_step7_test_NOT_BUILT" end time: Mar 09 14:31 GMT Standard Time
"graph_step7_test_NOT_BUILT" time elapsed: 00:00:00
----------------------------------------------------------

Unable to find executable: graph_hardening_test_NOT_BUILT
31/90 Testing: graph_hardening_test_NOT_BUILT
31/90 Test: graph_hardening_test_NOT_BUILT
Command: ""
Directory: D:/tuple/build_exp/tests
"graph_hardening_test_NOT_BUILT" start time: 
Output:
----------------------------------------------------------
<end of output>
Test time =   0.00 sec
----------------------------------------------------------
Test Passed.
"graph_hardening_test_NOT_BUILT" end time: Mar 09 14:31 GMT Standard Time
"graph_hardening_test_NOT_BUILT" time elapsed: 00:00:00
----------------------------------------------------------

Unable to find executable: test_symmetric_graph_NOT_BUILT
32/90 Testing: test_symmetric_graph_NOT_BUILT
32/90 Test: test_symmetric_graph_NOT_BUILT
Command: ""
Directory: D:/tuple/build_exp/tests
"test_symmetric_graph_NOT_BUILT" start time: 
Output:
----------------------------------------------------------
<end of output>
Test time =   0.00 sec
----------------------------------------------------------
Test Passed.
"test_symmetric_graph_NOT_BUILT" end time: Mar 09 14:31 GMT Standard Time
"test_symmetric_graph_NOT_BUILT" time elapsed: 00:00:00
----------------------------------------------------------

Unable to find executable: test_graph_hardening_v2_NOT_BUILT
33/90 Testing: test_graph_hardening_v2_NOT_BUILT
33/90 Test: test_graph_hardening_v2_NOT_BUILT
Command: ""
Directory: D:/tuple/build_exp/tests
"test_graph_hardening_v2_NOT_BUILT" start time: 
Output:
----------------------------------------------------------
<end of output>
Test time =   0.00 sec
----------------------------------------------------------
Test Passed.
"test_graph_hardening_v2_NOT_BUILT" end time: Mar 09 14:31 GMT Standard Time
"test_graph_hardening_v2_NOT_BUILT" time elapsed: 00:00:00
----------------------------------------------------------

Unable to find executable: test_graph_coloring_NOT_BUILT
34/90 Testing: test_graph_coloring_NOT_BUILT
34/90 Test: test_graph_coloring_NOT_BUILT
Command: ""
Directory: D:/tuple/build_exp/tests
"test_graph_coloring_NOT_BUILT" start time: 
Output:
----------------------------------------------------------
<end of output>
Test time =   0.00 sec
----------------------------------------------------------
Test Passed.
"test_graph_coloring_NOT_BUILT" end time: Mar 09 14:31 GMT Standard Time
"test_graph_coloring_NOT_BUILT" time elapsed: 00:00:00
----------------------------------------------------------

Unable to find executable: test_weighted_view_NOT_BUILT
35/90 Testing: test_weighted_view_NOT_BUILT
35/90 Test: test_weighted_view_NOT_BUILT
Command: ""
Directory: D:/tuple/build_exp/tests
"test_weighted_view_NOT_BUILT" start time: 
Output:
----------------------------------------------------------
<end of output>
Test time =   0.00 sec
----------------------------------------------------------
Test Passed.
"test_weighted_view_NOT_BUILT" end time: Mar 09 14:31 GMT Standard Time
"test_weighted_view_NOT_BUILT" time elapsed: 00:00:00
----------------------------------------------------------

Unable to find executable: test_transforms_NOT_BUILT
36/90 Testing: test_transforms_NOT_BUILT
36/90 Test: test_transforms_NOT_BUILT
Command: ""
Directory: D:/tuple/build_exp/tests
"test_transforms_NOT_BUILT" start time: 
Output:
----------------------------------------------------------
<end of output>
Test time =   0.00 sec
----------------------------------------------------------
Test Passed.
"test_transforms_NOT_BUILT" end time: Mar 09 14:31 GMT Standard Time
"test_transforms_NOT_BUILT" time elapsed: 00:00:00
----------------------------------------------------------

Unable to find executable: test_merge_rules_NOT_BUILT
37/90 Testing: test_merge_rules_NOT_BUILT
37/90 Test: test_merge_rules_NOT_BUILT
Command: ""
Directory: D:/tuple/build_exp/tests
"test_merge_rules_NOT_BUILT" start time: 
Output:
----------------------------------------------------------
<end of output>
Test time =   0.00 sec
----------------------------------------------------------
Test Passed.
"test_merge_rules_NOT_BUILT" end time: Mar 09 14:31 GMT Standard Time
"test_merge_rules_NOT_BUILT" time elapsed: 00:00:00
----------------------------------------------------------

Unable to find executable: test_segmentation_dp_NOT_BUILT
38/90 Testing: test_segmentation_dp_NOT_BUILT
38/90 Test: test_segmentation_dp_NOT_BUILT
Command: ""
Directory: D:/tuple/build_exp/tests
"test_segmentation_dp_NOT_BUILT" start time: 
Output:
----------------------------------------------------------
<end of output>
Test time =   0.00 sec
----------------------------------------------------------
Test Passed.
"test_segmentation_dp_NOT_BUILT" end time: Mar 09 14:31 GMT Standard Time
"test_segmentation_dp_NOT_BUILT" time elapsed: 00:00:00
----------------------------------------------------------

Unable to find executable: test_graph_umbrella_NOT_BUILT
39/90 Testing: test_graph_umbrella_NOT_BUILT
39/90 Test: test_graph_umbrella_NOT_BUILT
Command: ""
Directory: D:/tuple/build_exp/tests
"test_graph_umbrella_NOT_BUILT" start time: 
Output:
----------------------------------------------------------
<end of output>
Test time =   0.00 sec
----------------------------------------------------------
Test Passed.
"test_graph_umbrella_NOT_BUILT" end time: Mar 09 14:31 GMT Standard Time
"test_graph_umbrella_NOT_BUILT" time elapsed: 00:00:00
----------------------------------------------------------

Unable to find executable: test_bipartite_matching_NOT_BUILT
40/90 Testing: test_bipartite_matching_NOT_BUILT
40/90 Test: test_bipartite_matching_NOT_BUILT
Command: ""
Directory: D:/tuple/build_exp/tests
"test_bipartite_matching_NOT_BUILT" start time: 
Output:
----------------------------------------------------------
<end of output>
Test time =   0.00 sec
----------------------------------------------------------
Test Passed.
"test_bipartite_matching_NOT_BUILT" end time: Mar 09 14:31 GMT Standard Time
"test_bipartite_matching_NOT_BUILT" time elapsed: 00:00:00
----------------------------------------------------------

Unable to find executable: test_instantiation_NOT_BUILT
41/90 Testing: test_instantiation_NOT_BUILT
41/90 Test: test_instantiation_NOT_BUILT
Command: ""
Directory: D:/tuple/build_exp/tests
"test_instantiation_NOT_BUILT" start time: 
Output:
----------------------------------------------------------
<end of output>
Test time =   0.00 sec
----------------------------------------------------------
Test Passed.
"test_instantiation_NOT_BUILT" end time: Mar 09 14:31 GMT Standard Time
"test_instantiation_NOT_BUILT" time elapsed: 00:00:00
----------------------------------------------------------

Unable to find executable: test_space_v072_NOT_BUILT
42/90 Testing: test_space_v072_NOT_BUILT
42/90 Test: test_space_v072_NOT_BUILT
Command: ""
Directory: D:/tuple/build_exp/tests
"test_space_v072_NOT_BUILT" start time: 
Output:
----------------------------------------------------------
<end of output>
Test time =   0.00 sec
----------------------------------------------------------
Test Passed.
"test_space_v072_NOT_BUILT" end time: Mar 09 14:31 GMT Standard Time
"test_space_v072_NOT_BUILT" time elapsed: 00:00:00
----------------------------------------------------------

Unable to find executable: D:/tuple/build_exp/tests/Release/test_performance_models.exe
43/90 Testing: test_performance_models
43/90 Test: test_performance_models
Command: ""
Directory: D:/tuple/build_exp/tests
"test_performance_models" start time: 
Output:
----------------------------------------------------------
<end of output>
Test time =   0.00 sec
----------------------------------------------------------
Test Passed.
"test_performance_models" end time: Mar 09 14:31 GMT Standard Time
"test_performance_models" time elapsed: 00:00:00
----------------------------------------------------------

Unable to find executable: D:/tuple/build_exp/tests/Release/test_perf_counter.exe
44/90 Testing: test_perf_counter
44/90 Test: test_perf_counter
Command: ""
Directory: D:/tuple/build_exp/tests
"test_perf_counter" start time: 
Output:
----------------------------------------------------------
<end of output>
Test time =   0.00 sec
----------------------------------------------------------
Test Passed.
"test_perf_counter" end time: Mar 09 14:31 GMT Standard Time
"test_perf_counter" time elapsed: 00:00:00
----------------------------------------------------------

Unable to find executable: D:/tuple/build_exp/tests/Release/test_fix_bench.exe
45/90 Testing: test_fix_bench
45/90 Test: test_fix_bench
Command: ""
Directory: D:/tuple/build_exp/tests
"test_fix_bench" start time: 
Output:
----------------------------------------------------------
<end of output>
Test time =   0.00 sec
----------------------------------------------------------
Test Passed.
"test_fix_bench" end time: Mar 09 14:31 GMT Standard Time
"test_fix_bench" time elapsed: 00:00:00
----------------------------------------------------------

Unable to find executable: D:/tuple/build_exp/tests/Release/test_fix_dp_search.exe
46/90 Testing: test_fix_dp_search
46/90 Test: test_fix_dp_search
Command: ""
Directory: D:/tuple/build_exp/tests
"test_fix_dp_search" start time: 
Output:
----------------------------------------------------------
<end of output>
Test time =   0.00 sec
----------------------------------------------------------
Test Passed.
"test_fix_dp_search" end time: Mar 09 14:31 GMT Standard Time
"test_fix_dp_search" time elapsed: 00:00:00
----------------------------------------------------------

Unable to find executable: D:/tuple/build_exp/tests/Release/test_phase2_strategies.exe
47/90 Testing: test_phase2_strategies
47/90 Test: test_phase2_strategies
Command: ""
Directory: D:/tuple/build_exp/tests
"test_phase2_strategies" start time: 
Output:
----------------------------------------------------------
<end of output>
Test time =   0.00 sec
----------------------------------------------------------
Test Passed.
"test_phase2_strategies" end time: Mar 09 14:31 GMT Standard Time
"test_phase2_strategies" time elapsed: 00:00:00
----------------------------------------------------------

Unable to find executable: D:/tuple/build_exp/tests/Release/test_phase3_fix_calibration.exe
48/90 Testing: test_phase3_fix_calibration
48/90 Test: test_phase3_fix_calibration
Command: ""
Directory: D:/tuple/build_exp/tests
"test_phase3_fix_calibration" start time: 
Output:
----------------------------------------------------------
<end of output>
Test time =   0.00 sec
----------------------------------------------------------
Test Passed.
"test_phase3_fix_calibration" end time: Mar 09 14:31 GMT Standard Time
"test_phase3_fix_calibration" time elapsed: 00:00:00
----------------------------------------------------------

Unable to find executable: D:/tuple/build_exp/tests/Release/ctdp_calibration_test.exe
49/90 Testing: ctdp_calibration_test
49/90 Test: ctdp_calibration_test
Command: ""
Directory: D:/tuple/build_exp/tests
"ctdp_calibration_test" start time: 
Output:
----------------------------------------------------------
<end of output>
Test time =   0.00 sec
----------------------------------------------------------
Test Passed.
"ctdp_calibration_test" end time: Mar 09 14:31 GMT Standard Time
"ctdp_calibration_test" time elapsed: 00:00:00
----------------------------------------------------------

Unable to find executable: D:/tuple/build_exp/tests/Release/ctdp_phase3_test.exe
50/90 Testing: ctdp_phase3_test
50/90 Test: ctdp_phase3_test
Command: ""
Directory: D:/tuple/build_exp/tests
"ctdp_phase3_test" start time: 
Output:
----------------------------------------------------------
<end of output>
Test time =   0.00 sec
----------------------------------------------------------
Test Passed.
"ctdp_phase3_test" end time: Mar 09 14:31 GMT Standard Time
"ctdp_phase3_test" time elapsed: 00:00:00
----------------------------------------------------------

Unable to find executable: D:/tuple/build_exp/tests/Release/ctdp_phase6_test.exe
51/90 Testing: ctdp_phase6_test
51/90 Test: ctdp_phase6_test
Command: ""
Directory: D:/tuple/build_exp/tests
"ctdp_phase6_test" start time: 
Output:
----------------------------------------------------------
<end of output>
Test time =   0.00 sec
----------------------------------------------------------
Test Passed.
"ctdp_phase6_test" end time: Mar 09 14:31 GMT Standard Time
"ctdp_phase6_test" time elapsed: 00:00:00
----------------------------------------------------------

52/90 Testing: OnehotExtractor.CorrectDimension
52/90 Test: OnehotExtractor.CorrectDimension
Command: "D:/tuple/build_exp/experiments/fix_calibration/Release/fix_experiment_test_extractors.exe" "--gtest_filter=OnehotExtractor.CorrectDimension" "--gtest_also_run_disabled_tests"
Directory: D:/tuple/build_exp/experiments/fix_calibration
"OnehotExtractor.CorrectDimension" start time: Mar 09 14:31 GMT Standard Time
Output:
----------------------------------------------------------
Running main() from D:\tuple\build_exp\_deps\googletest-src\googletest\src\gtest_main.cc
Note: Google Test filter = OnehotExtractor.CorrectDimension
[==========] Running 1 test from 1 test suite.
[----------] Global test environment set-up.
[----------] 1 test from OnehotExtractor
[ RUN      ] OnehotExtractor.CorrectDimension
[       OK ] OnehotExtractor.CorrectDimension (0 ms)
[----------] 1 test from OnehotExtractor (0 ms total)

[----------] Global test environment tear-down
[==========] 1 test from 1 test suite ran. (0 ms total)
[  PASSED  ] 1 test.
<end of output>
Test time =   0.15 sec
----------------------------------------------------------
Test Passed.
"OnehotExtractor.CorrectDimension" end time: Mar 09 14:31 GMT Standard Time
"OnehotExtractor.CorrectDimension" time elapsed: 00:00:00
----------------------------------------------------------

53/90 Testing: OnehotExtractor.AllUnrolled
53/90 Test: OnehotExtractor.AllUnrolled
Command: "D:/tuple/build_exp/experiments/fix_calibration/Release/fix_experiment_test_extractors.exe" "--gtest_filter=OnehotExtractor.AllUnrolled" "--gtest_also_run_disabled_tests"
Directory: D:/tuple/build_exp/experiments/fix_calibration
"OnehotExtractor.AllUnrolled" start time: Mar 09 14:31 GMT Standard Time
Output:
----------------------------------------------------------
Running main() from D:\tuple\build_exp\_deps\googletest-src\googletest\src\gtest_main.cc
Note: Google Test filter = OnehotExtractor.AllUnrolled
[==========] Running 1 test from 1 test suite.
[----------] Global test environment set-up.
[----------] 1 test from OnehotExtractor
[ RUN      ] OnehotExtractor.AllUnrolled
[       OK ] OnehotExtractor.AllUnrolled (0 ms)
[----------] 1 test from OnehotExtractor (0 ms total)

[----------] Global test environment tear-down
[==========] 1 test from 1 test suite ran. (0 ms total)
[  PASSED  ] 1 test.
<end of output>
Test time =   0.10 sec
----------------------------------------------------------
Test Passed.
"OnehotExtractor.AllUnrolled" end time: Mar 09 14:31 GMT Standard Time
"OnehotExtractor.AllUnrolled" time elapsed: 00:00:00
----------------------------------------------------------

54/90 Testing: OnehotExtractor.AllGeneric
54/90 Test: OnehotExtractor.AllGeneric
Command: "D:/tuple/build_exp/experiments/fix_calibration/Release/fix_experiment_test_extractors.exe" "--gtest_filter=OnehotExtractor.AllGeneric" "--gtest_also_run_disabled_tests"
Directory: D:/tuple/build_exp/experiments/fix_calibration
"OnehotExtractor.AllGeneric" start time: Mar 09 14:31 GMT Standard Time
Output:
----------------------------------------------------------
Running main() from D:\tuple\build_exp\_deps\googletest-src\googletest\src\gtest_main.cc
Note: Google Test filter = OnehotExtractor.AllGeneric
[==========] Running 1 test from 1 test suite.
[----------] Global test environment set-up.
[----------] 1 test from OnehotExtractor
[ RUN      ] OnehotExtractor.AllGeneric
[       OK ] OnehotExtractor.AllGeneric (0 ms)
[----------] 1 test from OnehotExtractor (0 ms total)

[----------] Global test environment tear-down
[==========] 1 test from 1 test suite ran. (0 ms total)
[  PASSED  ] 1 test.
<end of output>
Test time =   0.10 sec
----------------------------------------------------------
Test Passed.
"OnehotExtractor.AllGeneric" end time: Mar 09 14:31 GMT Standard Time
"OnehotExtractor.AllGeneric" time elapsed: 00:00:00
----------------------------------------------------------

55/90 Testing: OnehotExtractor.AllSWAR
55/90 Test: OnehotExtractor.AllSWAR
Command: "D:/tuple/build_exp/experiments/fix_calibration/Release/fix_experiment_test_extractors.exe" "--gtest_filter=OnehotExtractor.AllSWAR" "--gtest_also_run_disabled_tests"
Directory: D:/tuple/build_exp/experiments/fix_calibration
"OnehotExtractor.AllSWAR" start time: Mar 09 14:31 GMT Standard Time
Output:
----------------------------------------------------------
Running main() from D:\tuple\build_exp\_deps\googletest-src\googletest\src\gtest_main.cc
Note: Google Test filter = OnehotExtractor.AllSWAR
[==========] Running 1 test from 1 test suite.
[----------] Global test environment set-up.
[----------] 1 test from OnehotExtractor
[ RUN      ] OnehotExtractor.AllSWAR
[       OK ] OnehotExtractor.AllSWAR (0 ms)
[----------] 1 test from OnehotExtractor (0 ms total)

[----------] Global test environment tear-down
[==========] 1 test from 1 test suite ran. (0 ms total)
[  PASSED  ] 1 test.
<end of output>
Test time =   0.10 sec
----------------------------------------------------------
Test Passed.
"OnehotExtractor.AllSWAR" end time: Mar 09 14:31 GMT Standard Time
"OnehotExtractor.AllSWAR" time elapsed: 00:00:00
----------------------------------------------------------

56/90 Testing: OnehotExtractor.MixedConfig
56/90 Test: OnehotExtractor.MixedConfig
Command: "D:/tuple/build_exp/experiments/fix_calibration/Release/fix_experiment_test_extractors.exe" "--gtest_filter=OnehotExtractor.MixedConfig" "--gtest_also_run_disabled_tests"
Directory: D:/tuple/build_exp/experiments/fix_calibration
"OnehotExtractor.MixedConfig" start time: Mar 09 14:31 GMT Standard Time
Output:
----------------------------------------------------------
Running main() from D:\tuple\build_exp\_deps\googletest-src\googletest\src\gtest_main.cc
Note: Google Test filter = OnehotExtractor.MixedConfig
[==========] Running 1 test from 1 test suite.
[----------] Global test environment set-up.
[----------] 1 test from OnehotExtractor
[ RUN      ] OnehotExtractor.MixedConfig
[       OK ] OnehotExtractor.MixedConfig (0 ms)
[----------] 1 test from OnehotExtractor (0 ms total)

[----------] Global test environment tear-down
[==========] 1 test from 1 test suite ran. (0 ms total)
[  PASSED  ] 1 test.
<end of output>
Test time =   0.11 sec
----------------------------------------------------------
Test Passed.
"OnehotExtractor.MixedConfig" end time: Mar 09 14:31 GMT Standard Time
"OnehotExtractor.MixedConfig" time elapsed: 00:00:00
----------------------------------------------------------

57/90 Testing: OnehotExtractor.PerPositionBlockSumsToZeroOrOne
57/90 Test: OnehotExtractor.PerPositionBlockSumsToZeroOrOne
Command: "D:/tuple/build_exp/experiments/fix_calibration/Release/fix_experiment_test_extractors.exe" "--gtest_filter=OnehotExtractor.PerPositionBlockSumsToZeroOrOne" "--gtest_also_run_disabled_tests"
Directory: D:/tuple/build_exp/experiments/fix_calibration
"OnehotExtractor.PerPositionBlockSumsToZeroOrOne" start time: Mar 09 14:31 GMT Standard Time
Output:
----------------------------------------------------------
Running main() from D:\tuple\build_exp\_deps\googletest-src\googletest\src\gtest_main.cc
Note: Google Test filter = OnehotExtractor.PerPositionBlockSumsToZeroOrOne
[==========] Running 1 test from 1 test suite.
[----------] Global test environment set-up.
[----------] 1 test from OnehotExtractor
[ RUN      ] OnehotExtractor.PerPositionBlockSumsToZeroOrOne
[       OK ] OnehotExtractor.PerPositionBlockSumsToZeroOrOne (0 ms)
[----------] 1 test from OnehotExtractor (0 ms total)

[----------] Global test environment tear-down
[==========] 1 test from 1 test suite ran. (0 ms total)
[  PASSED  ] 1 test.
<end of output>
Test time =   0.10 sec
----------------------------------------------------------
Test Passed.
"OnehotExtractor.PerPositionBlockSumsToZeroOrOne" end time: Mar 09 14:31 GMT Standard Time
"OnehotExtractor.PerPositionBlockSumsToZeroOrOne" time elapsed: 00:00:00
----------------------------------------------------------

58/90 Testing: OnehotExtractor.ViaFixPoint
58/90 Test: OnehotExtractor.ViaFixPoint
Command: "D:/tuple/build_exp/experiments/fix_calibration/Release/fix_experiment_test_extractors.exe" "--gtest_filter=OnehotExtractor.ViaFixPoint" "--gtest_also_run_disabled_tests"
Directory: D:/tuple/build_exp/experiments/fix_calibration
"OnehotExtractor.ViaFixPoint" start time: Mar 09 14:31 GMT Standard Time
Output:
----------------------------------------------------------
Running main() from D:\tuple\build_exp\_deps\googletest-src\googletest\src\gtest_main.cc
Note: Google Test filter = OnehotExtractor.ViaFixPoint
[==========] Running 1 test from 1 test suite.
[----------] Global test environment set-up.
[----------] 1 test from OnehotExtractor
[ RUN      ] OnehotExtractor.ViaFixPoint
[       OK ] OnehotExtractor.ViaFixPoint (0 ms)
[----------] 1 test from OnehotExtractor (0 ms total)

[----------] Global test environment tear-down
[==========] 1 test from 1 test suite ran. (0 ms total)
[  PASSED  ] 1 test.
<end of output>
Test time =   0.10 sec
----------------------------------------------------------
Test Passed.
"OnehotExtractor.ViaFixPoint" end time: Mar 09 14:31 GMT Standard Time
"OnehotExtractor.ViaFixPoint" time elapsed: 00:00:00
----------------------------------------------------------

59/90 Testing: OnehotExtractor.FeatureName
59/90 Test: OnehotExtractor.FeatureName
Command: "D:/tuple/build_exp/experiments/fix_calibration/Release/fix_experiment_test_extractors.exe" "--gtest_filter=OnehotExtractor.FeatureName" "--gtest_also_run_disabled_tests"
Directory: D:/tuple/build_exp/experiments/fix_calibration
"OnehotExtractor.FeatureName" start time: Mar 09 14:31 GMT Standard Time
Output:
----------------------------------------------------------
Running main() from D:\tuple\build_exp\_deps\googletest-src\googletest\src\gtest_main.cc
Note: Google Test filter = OnehotExtractor.FeatureName
[==========] Running 1 test from 1 test suite.
[----------] Global test environment set-up.
[----------] 1 test from OnehotExtractor
[ RUN      ] OnehotExtractor.FeatureName
[       OK ] OnehotExtractor.FeatureName (0 ms)
[----------] 1 test from OnehotExtractor (0 ms total)

[----------] Global test environment tear-down
[==========] 1 test from 1 test suite ran. (0 ms total)
[  PASSED  ] 1 test.
<end of output>
Test time =   0.10 sec
----------------------------------------------------------
Test Passed.
"OnehotExtractor.FeatureName" end time: Mar 09 14:31 GMT Standard Time
"OnehotExtractor.FeatureName" time elapsed: 00:00:00
----------------------------------------------------------

60/90 Testing: CountExtractor.CorrectDimension
60/90 Test: CountExtractor.CorrectDimension
Command: "D:/tuple/build_exp/experiments/fix_calibration/Release/fix_experiment_test_extractors.exe" "--gtest_filter=CountExtractor.CorrectDimension" "--gtest_also_run_disabled_tests"
Directory: D:/tuple/build_exp/experiments/fix_calibration
"CountExtractor.CorrectDimension" start time: Mar 09 14:31 GMT Standard Time
Output:
----------------------------------------------------------
Running main() from D:\tuple\build_exp\_deps\googletest-src\googletest\src\gtest_main.cc
Note: Google Test filter = CountExtractor.CorrectDimension
[==========] Running 1 test from 1 test suite.
[----------] Global test environment set-up.
[----------] 1 test from CountExtractor
[ RUN      ] CountExtractor.CorrectDimension
[       OK ] CountExtractor.CorrectDimension (0 ms)
[----------] 1 test from CountExtractor (0 ms total)

[----------] Global test environment tear-down
[==========] 1 test from 1 test suite ran. (0 ms total)
[  PASSED  ] 1 test.
<end of output>
Test time =   0.10 sec
----------------------------------------------------------
Test Passed.
"CountExtractor.CorrectDimension" end time: Mar 09 14:31 GMT Standard Time
"CountExtractor.CorrectDimension" time elapsed: 00:00:00
----------------------------------------------------------

61/90 Testing: CountExtractor.CountsSumToTwelve
61/90 Test: CountExtractor.CountsSumToTwelve
Command: "D:/tuple/build_exp/experiments/fix_calibration/Release/fix_experiment_test_extractors.exe" "--gtest_filter=CountExtractor.CountsSumToTwelve" "--gtest_also_run_disabled_tests"
Directory: D:/tuple/build_exp/experiments/fix_calibration
"CountExtractor.CountsSumToTwelve" start time: Mar 09 14:31 GMT Standard Time
Output:
----------------------------------------------------------
Running main() from D:\tuple\build_exp\_deps\googletest-src\googletest\src\gtest_main.cc
Note: Google Test filter = CountExtractor.CountsSumToTwelve
[==========] Running 1 test from 1 test suite.
[----------] Global test environment set-up.
[----------] 1 test from CountExtractor
[ RUN      ] CountExtractor.CountsSumToTwelve
[       OK ] CountExtractor.CountsSumToTwelve (0 ms)
[----------] 1 test from CountExtractor (0 ms total)

[----------] Global test environment tear-down
[==========] 1 test from 1 test suite ran. (0 ms total)
[  PASSED  ] 1 test.
<end of output>
Test time =   0.10 sec
----------------------------------------------------------
Test Passed.
"CountExtractor.CountsSumToTwelve" end time: Mar 09 14:31 GMT Standard Time
"CountExtractor.CountsSumToTwelve" time elapsed: 00:00:00
----------------------------------------------------------

62/90 Testing: CountExtractor.AllUnrolledCounts
62/90 Test: CountExtractor.AllUnrolledCounts
Command: "D:/tuple/build_exp/experiments/fix_calibration/Release/fix_experiment_test_extractors.exe" "--gtest_filter=CountExtractor.AllUnrolledCounts" "--gtest_also_run_disabled_tests"
Directory: D:/tuple/build_exp/experiments/fix_calibration
"CountExtractor.AllUnrolledCounts" start time: Mar 09 14:31 GMT Standard Time
Output:
----------------------------------------------------------
Running main() from D:\tuple\build_exp\_deps\googletest-src\googletest\src\gtest_main.cc
Note: Google Test filter = CountExtractor.AllUnrolledCounts
[==========] Running 1 test from 1 test suite.
[----------] Global test environment set-up.
[----------] 1 test from CountExtractor
[ RUN      ] CountExtractor.AllUnrolledCounts
[       OK ] CountExtractor.AllUnrolledCounts (0 ms)
[----------] 1 test from CountExtractor (0 ms total)

[----------] Global test environment tear-down
[==========] 1 test from 1 test suite ran. (0 ms total)
[  PASSED  ] 1 test.
<end of output>
Test time =   0.10 sec
----------------------------------------------------------
Test Passed.
"CountExtractor.AllUnrolledCounts" end time: Mar 09 14:31 GMT Standard Time
"CountExtractor.AllUnrolledCounts" time elapsed: 00:00:00
----------------------------------------------------------

63/90 Testing: CountExtractor.MixedCounts
63/90 Test: CountExtractor.MixedCounts
Command: "D:/tuple/build_exp/experiments/fix_calibration/Release/fix_experiment_test_extractors.exe" "--gtest_filter=CountExtractor.MixedCounts" "--gtest_also_run_disabled_tests"
Directory: D:/tuple/build_exp/experiments/fix_calibration
"CountExtractor.MixedCounts" start time: Mar 09 14:31 GMT Standard Time
Output:
----------------------------------------------------------
Running main() from D:\tuple\build_exp\_deps\googletest-src\googletest\src\gtest_main.cc
Note: Google Test filter = CountExtractor.MixedCounts
[==========] Running 1 test from 1 test suite.
[----------] Global test environment set-up.
[----------] 1 test from CountExtractor
[ RUN      ] CountExtractor.MixedCounts
[       OK ] CountExtractor.MixedCounts (0 ms)
[----------] 1 test from CountExtractor (0 ms total)

[----------] Global test environment tear-down
[==========] 1 test from 1 test suite ran. (0 ms total)
[  PASSED  ] 1 test.
<end of output>
Test time =   0.11 sec
----------------------------------------------------------
Test Passed.
"CountExtractor.MixedCounts" end time: Mar 09 14:31 GMT Standard Time
"CountExtractor.MixedCounts" time elapsed: 00:00:00
----------------------------------------------------------

64/90 Testing: CountExtractor.OnehotPrefixUnchanged
64/90 Test: CountExtractor.OnehotPrefixUnchanged
Command: "D:/tuple/build_exp/experiments/fix_calibration/Release/fix_experiment_test_extractors.exe" "--gtest_filter=CountExtractor.OnehotPrefixUnchanged" "--gtest_also_run_disabled_tests"
Directory: D:/tuple/build_exp/experiments/fix_calibration
"CountExtractor.OnehotPrefixUnchanged" start time: Mar 09 14:31 GMT Standard Time
Output:
----------------------------------------------------------
Running main() from D:\tuple\build_exp\_deps\googletest-src\googletest\src\gtest_main.cc
Note: Google Test filter = CountExtractor.OnehotPrefixUnchanged
[==========] Running 1 test from 1 test suite.
[----------] Global test environment set-up.
[----------] 1 test from CountExtractor
[ RUN      ] CountExtractor.OnehotPrefixUnchanged
[       OK ] CountExtractor.OnehotPrefixUnchanged (0 ms)
[----------] 1 test from CountExtractor (0 ms total)

[----------] Global test environment tear-down
[==========] 1 test from 1 test suite ran. (0 ms total)
[  PASSED  ] 1 test.
<end of output>
Test time =   0.10 sec
----------------------------------------------------------
Test Passed.
"CountExtractor.OnehotPrefixUnchanged" end time: Mar 09 14:31 GMT Standard Time
"CountExtractor.OnehotPrefixUnchanged" time elapsed: 00:00:00
----------------------------------------------------------

65/90 Testing: CountExtractor.FeatureName
65/90 Test: CountExtractor.FeatureName
Command: "D:/tuple/build_exp/experiments/fix_calibration/Release/fix_experiment_test_extractors.exe" "--gtest_filter=CountExtractor.FeatureName" "--gtest_also_run_disabled_tests"
Directory: D:/tuple/build_exp/experiments/fix_calibration
"CountExtractor.FeatureName" start time: Mar 09 14:31 GMT Standard Time
Output:
----------------------------------------------------------
Running main() from D:\tuple\build_exp\_deps\googletest-src\googletest\src\gtest_main.cc
Note: Google Test filter = CountExtractor.FeatureName
[==========] Running 1 test from 1 test suite.
[----------] Global test environment set-up.
[----------] 1 test from CountExtractor
[ RUN      ] CountExtractor.FeatureName
[       OK ] CountExtractor.FeatureName (0 ms)
[----------] 1 test from CountExtractor (0 ms total)

[----------] Global test environment tear-down
[==========] 1 test from 1 test suite ran. (0 ms total)
[  PASSED  ] 1 test.
<end of output>
Test time =   0.11 sec
----------------------------------------------------------
Test Passed.
"CountExtractor.FeatureName" end time: Mar 09 14:31 GMT Standard Time
"CountExtractor.FeatureName" time elapsed: 00:00:00
----------------------------------------------------------

66/90 Testing: TransitionExtractor.CorrectDimension
66/90 Test: TransitionExtractor.CorrectDimension
Command: "D:/tuple/build_exp/experiments/fix_calibration/Release/fix_experiment_test_extractors.exe" "--gtest_filter=TransitionExtractor.CorrectDimension" "--gtest_also_run_disabled_tests"
Directory: D:/tuple/build_exp/experiments/fix_calibration
"TransitionExtractor.CorrectDimension" start time: Mar 09 14:31 GMT Standard Time
Output:
----------------------------------------------------------
Running main() from D:\tuple\build_exp\_deps\googletest-src\googletest\src\gtest_main.cc
Note: Google Test filter = TransitionExtractor.CorrectDimension
[==========] Running 1 test from 1 test suite.
[----------] Global test environment set-up.
[----------] 1 test from TransitionExtractor
[ RUN      ] TransitionExtractor.CorrectDimension
[       OK ] TransitionExtractor.CorrectDimension (0 ms)
[----------] 1 test from TransitionExtractor (0 ms total)

[----------] Global test environment tear-down
[==========] 1 test from 1 test suite ran. (0 ms total)
[  PASSED  ] 1 test.
<end of output>
Test time =   0.10 sec
----------------------------------------------------------
Test Passed.
"TransitionExtractor.CorrectDimension" end time: Mar 09 14:31 GMT Standard Time
"TransitionExtractor.CorrectDimension" time elapsed: 00:00:00
----------------------------------------------------------

67/90 Testing: TransitionExtractor.TransitionsSumToEleven
67/90 Test: TransitionExtractor.TransitionsSumToEleven
Command: "D:/tuple/build_exp/experiments/fix_calibration/Release/fix_experiment_test_extractors.exe" "--gtest_filter=TransitionExtractor.TransitionsSumToEleven" "--gtest_also_run_disabled_tests"
Directory: D:/tuple/build_exp/experiments/fix_calibration
"TransitionExtractor.TransitionsSumToEleven" start time: Mar 09 14:31 GMT Standard Time
Output:
----------------------------------------------------------
Running main() from D:\tuple\build_exp\_deps\googletest-src\googletest\src\gtest_main.cc
Note: Google Test filter = TransitionExtractor.TransitionsSumToEleven
[==========] Running 1 test from 1 test suite.
[----------] Global test environment set-up.
[----------] 1 test from TransitionExtractor
[ RUN      ] TransitionExtractor.TransitionsSumToEleven
[       OK ] TransitionExtractor.TransitionsSumToEleven (0 ms)
[----------] 1 test from TransitionExtractor (0 ms total)

[----------] Global test environment tear-down
[==========] 1 test from 1 test suite ran. (0 ms total)
[  PASSED  ] 1 test.
<end of output>
Test time =   0.10 sec
----------------------------------------------------------
Test Passed.
"TransitionExtractor.TransitionsSumToEleven" end time: Mar 09 14:31 GMT Standard Time
"TransitionExtractor.TransitionsSumToEleven" time elapsed: 00:00:00
----------------------------------------------------------

68/90 Testing: TransitionExtractor.AllUnrolledTransitions
68/90 Test: TransitionExtractor.AllUnrolledTransitions
Command: "D:/tuple/build_exp/experiments/fix_calibration/Release/fix_experiment_test_extractors.exe" "--gtest_filter=TransitionExtractor.AllUnrolledTransitions" "--gtest_also_run_disabled_tests"
Directory: D:/tuple/build_exp/experiments/fix_calibration
"TransitionExtractor.AllUnrolledTransitions" start time: Mar 09 14:31 GMT Standard Time
Output:
----------------------------------------------------------
Running main() from D:\tuple\build_exp\_deps\googletest-src\googletest\src\gtest_main.cc
Note: Google Test filter = TransitionExtractor.AllUnrolledTransitions
[==========] Running 1 test from 1 test suite.
[----------] Global test environment set-up.
[----------] 1 test from TransitionExtractor
[ RUN      ] TransitionExtractor.AllUnrolledTransitions
[       OK ] TransitionExtractor.AllUnrolledTransitions (0 ms)
[----------] 1 test from TransitionExtractor (0 ms total)

[----------] Global test environment tear-down
[==========] 1 test from 1 test suite ran. (0 ms total)
[  PASSED  ] 1 test.
<end of output>
Test time =   0.10 sec
----------------------------------------------------------
Test Passed.
"TransitionExtractor.AllUnrolledTransitions" end time: Mar 09 14:31 GMT Standard Time
"TransitionExtractor.AllUnrolledTransitions" time elapsed: 00:00:00
----------------------------------------------------------

69/90 Testing: TransitionExtractor.AlternatingConfig
69/90 Test: TransitionExtractor.AlternatingConfig
Command: "D:/tuple/build_exp/experiments/fix_calibration/Release/fix_experiment_test_extractors.exe" "--gtest_filter=TransitionExtractor.AlternatingConfig" "--gtest_also_run_disabled_tests"
Directory: D:/tuple/build_exp/experiments/fix_calibration
"TransitionExtractor.AlternatingConfig" start time: Mar 09 14:31 GMT Standard Time
Output:
----------------------------------------------------------
Running main() from D:\tuple\build_exp\_deps\googletest-src\googletest\src\gtest_main.cc
Note: Google Test filter = TransitionExtractor.AlternatingConfig
[==========] Running 1 test from 1 test suite.
[----------] Global test environment set-up.
[----------] 1 test from TransitionExtractor
[ RUN      ] TransitionExtractor.AlternatingConfig
[       OK ] TransitionExtractor.AlternatingConfig (0 ms)
[----------] 1 test from TransitionExtractor (0 ms total)

[----------] Global test environment tear-down
[==========] 1 test from 1 test suite ran. (0 ms total)
[  PASSED  ] 1 test.
<end of output>
Test time =   0.10 sec
----------------------------------------------------------
Test Passed.
"TransitionExtractor.AlternatingConfig" end time: Mar 09 14:31 GMT Standard Time
"TransitionExtractor.AlternatingConfig" time elapsed: 00:00:00
----------------------------------------------------------

70/90 Testing: TransitionExtractor.KnownConfigTransitions
70/90 Test: TransitionExtractor.KnownConfigTransitions
Command: "D:/tuple/build_exp/experiments/fix_calibration/Release/fix_experiment_test_extractors.exe" "--gtest_filter=TransitionExtractor.KnownConfigTransitions" "--gtest_also_run_disabled_tests"
Directory: D:/tuple/build_exp/experiments/fix_calibration
"TransitionExtractor.KnownConfigTransitions" start time: Mar 09 14:31 GMT Standard Time
Output:
----------------------------------------------------------
Running main() from D:\tuple\build_exp\_deps\googletest-src\googletest\src\gtest_main.cc
Note: Google Test filter = TransitionExtractor.KnownConfigTransitions
[==========] Running 1 test from 1 test suite.
[----------] Global test environment set-up.
[----------] 1 test from TransitionExtractor
[ RUN      ] TransitionExtractor.KnownConfigTransitions
[       OK ] TransitionExtractor.KnownConfigTransitions (0 ms)
[----------] 1 test from TransitionExtractor (0 ms total)

[----------] Global test environment tear-down
[==========] 1 test from 1 test suite ran. (0 ms total)
[  PASSED  ] 1 test.
<end of output>
Test time =   0.11 sec
----------------------------------------------------------
Test Passed.
"TransitionExtractor.KnownConfigTransitions" end time: Mar 09 14:31 GMT Standard Time
"TransitionExtractor.KnownConfigTransitions" time elapsed: 00:00:00
----------------------------------------------------------

71/90 Testing: TransitionExtractor.CountPrefixUnchanged
71/90 Test: TransitionExtractor.CountPrefixUnchanged
Command: "D:/tuple/build_exp/experiments/fix_calibration/Release/fix_experiment_test_extractors.exe" "--gtest_filter=TransitionExtractor.CountPrefixUnchanged" "--gtest_also_run_disabled_tests"
Directory: D:/tuple/build_exp/experiments/fix_calibration
"TransitionExtractor.CountPrefixUnchanged" start time: Mar 09 14:31 GMT Standard Time
Output:
----------------------------------------------------------
Running main() from D:\tuple\build_exp\_deps\googletest-src\googletest\src\gtest_main.cc
Note: Google Test filter = TransitionExtractor.CountPrefixUnchanged
[==========] Running 1 test from 1 test suite.
[----------] Global test environment set-up.
[----------] 1 test from TransitionExtractor
[ RUN      ] TransitionExtractor.CountPrefixUnchanged
[       OK ] TransitionExtractor.CountPrefixUnchanged (0 ms)
[----------] 1 test from TransitionExtractor (0 ms total)

[----------] Global test environment tear-down
[==========] 1 test from 1 test suite ran. (0 ms total)
[  PASSED  ] 1 test.
<end of output>
Test time =   0.11 sec
----------------------------------------------------------
Test Passed.
"TransitionExtractor.CountPrefixUnchanged" end time: Mar 09 14:31 GMT Standard Time
"TransitionExtractor.CountPrefixUnchanged" time elapsed: 00:00:00
----------------------------------------------------------

72/90 Testing: TransitionExtractor.FeatureName
72/90 Test: TransitionExtractor.FeatureName
Command: "D:/tuple/build_exp/experiments/fix_calibration/Release/fix_experiment_test_extractors.exe" "--gtest_filter=TransitionExtractor.FeatureName" "--gtest_also_run_disabled_tests"
Directory: D:/tuple/build_exp/experiments/fix_calibration
"TransitionExtractor.FeatureName" start time: Mar 09 14:31 GMT Standard Time
Output:
----------------------------------------------------------
Running main() from D:\tuple\build_exp\_deps\googletest-src\googletest\src\gtest_main.cc
Note: Google Test filter = TransitionExtractor.FeatureName
[==========] Running 1 test from 1 test suite.
[----------] Global test environment set-up.
[----------] 1 test from TransitionExtractor
[ RUN      ] TransitionExtractor.FeatureName
[       OK ] TransitionExtractor.FeatureName (0 ms)
[----------] 1 test from TransitionExtractor (0 ms total)

[----------] Global test environment tear-down
[==========] 1 test from 1 test suite ran. (0 ms total)
[  PASSED  ] 1 test.
<end of output>
Test time =   0.11 sec
----------------------------------------------------------
Test Passed.
"TransitionExtractor.FeatureName" end time: Mar 09 14:31 GMT Standard Time
"TransitionExtractor.FeatureName" time elapsed: 00:00:00
----------------------------------------------------------

73/90 Testing: Extractors.DimensionsAreConsistent
73/90 Test: Extractors.DimensionsAreConsistent
Command: "D:/tuple/build_exp/experiments/fix_calibration/Release/fix_experiment_test_extractors.exe" "--gtest_filter=Extractors.DimensionsAreConsistent" "--gtest_also_run_disabled_tests"
Directory: D:/tuple/build_exp/experiments/fix_calibration
"Extractors.DimensionsAreConsistent" start time: Mar 09 14:31 GMT Standard Time
Output:
----------------------------------------------------------
Running main() from D:\tuple\build_exp\_deps\googletest-src\googletest\src\gtest_main.cc
Note: Google Test filter = Extractors.DimensionsAreConsistent
[==========] Running 1 test from 1 test suite.
[----------] Global test environment set-up.
[----------] 1 test from Extractors
[ RUN      ] Extractors.DimensionsAreConsistent
[       OK ] Extractors.DimensionsAreConsistent (0 ms)
[----------] 1 test from Extractors (0 ms total)

[----------] Global test environment tear-down
[==========] 1 test from 1 test suite ran. (0 ms total)
[  PASSED  ] 1 test.
<end of output>
Test time =   0.10 sec
----------------------------------------------------------
Test Passed.
"Extractors.DimensionsAreConsistent" end time: Mar 09 14:31 GMT Standard Time
"Extractors.DimensionsAreConsistent" time elapsed: 00:00:00
----------------------------------------------------------

74/90 Testing: Extractors.AllExtractorsProduceCorrectDimsOnSameConfig
74/90 Test: Extractors.AllExtractorsProduceCorrectDimsOnSameConfig
Command: "D:/tuple/build_exp/experiments/fix_calibration/Release/fix_experiment_test_extractors.exe" "--gtest_filter=Extractors.AllExtractorsProduceCorrectDimsOnSameConfig" "--gtest_also_run_disabled_tests"
Directory: D:/tuple/build_exp/experiments/fix_calibration
"Extractors.AllExtractorsProduceCorrectDimsOnSameConfig" start time: Mar 09 14:31 GMT Standard Time
Output:
----------------------------------------------------------
Running main() from D:\tuple\build_exp\_deps\googletest-src\googletest\src\gtest_main.cc
Note: Google Test filter = Extractors.AllExtractorsProduceCorrectDimsOnSameConfig
[==========] Running 1 test from 1 test suite.
[----------] Global test environment set-up.
[----------] 1 test from Extractors
[ RUN      ] Extractors.AllExtractorsProduceCorrectDimsOnSameConfig
[       OK ] Extractors.AllExtractorsProduceCorrectDimsOnSameConfig (0 ms)
[----------] 1 test from Extractors (0 ms total)

[----------] Global test environment tear-down
[==========] 1 test from 1 test suite ran. (0 ms total)
[  PASSED  ] 1 test.
<end of output>
Test time =   0.10 sec
----------------------------------------------------------
Test Passed.
"Extractors.AllExtractorsProduceCorrectDimsOnSameConfig" end time: Mar 09 14:31 GMT Standard Time
"Extractors.AllExtractorsProduceCorrectDimsOnSameConfig" time elapsed: 00:00:00
----------------------------------------------------------

Unable to find executable: fix_experiment_test_beam_search_NOT_BUILT
75/90 Testing: fix_experiment_test_beam_search_NOT_BUILT
75/90 Test: fix_experiment_test_beam_search_NOT_BUILT
Command: ""
Directory: D:/tuple/build_exp/experiments/fix_calibration
"fix_experiment_test_beam_search_NOT_BUILT" start time: 
Output:
----------------------------------------------------------
<end of output>
Test time =   0.00 sec
----------------------------------------------------------
Test Passed.
"fix_experiment_test_beam_search_NOT_BUILT" end time: Mar 09 14:31 GMT Standard Time
"fix_experiment_test_beam_search_NOT_BUILT" time elapsed: 00:00:00
----------------------------------------------------------

76/90 Testing: JsonEscape.QuotesAndBackslash
76/90 Test: JsonEscape.QuotesAndBackslash
Command: "D:/tuple/build_exp/experiments/fix_calibration/Release/fix_experiment_test_output.exe" "--gtest_filter=JsonEscape.QuotesAndBackslash" "--gtest_also_run_disabled_tests"
Directory: D:/tuple/build_exp/experiments/fix_calibration
"JsonEscape.QuotesAndBackslash" start time: Mar 09 14:31 GMT Standard Time
Output:
----------------------------------------------------------
Running main() from D:\tuple\build_exp\_deps\googletest-src\googletest\src\gtest_main.cc
Note: Google Test filter = JsonEscape.QuotesAndBackslash
[==========] Running 1 test from 1 test suite.
[----------] Global test environment set-up.
[----------] 1 test from JsonEscape
[ RUN      ] JsonEscape.QuotesAndBackslash
[       OK ] JsonEscape.QuotesAndBackslash (0 ms)
[----------] 1 test from JsonEscape (0 ms total)

[----------] Global test environment tear-down
[==========] 1 test from 1 test suite ran. (0 ms total)
[  PASSED  ] 1 test.
<end of output>
Test time =   0.10 sec
----------------------------------------------------------
Test Passed.
"JsonEscape.QuotesAndBackslash" end time: Mar 09 14:31 GMT Standard Time
"JsonEscape.QuotesAndBackslash" time elapsed: 00:00:00
----------------------------------------------------------

77/90 Testing: JsonEscape.NewlineAndTab
77/90 Test: JsonEscape.NewlineAndTab
Command: "D:/tuple/build_exp/experiments/fix_calibration/Release/fix_experiment_test_output.exe" "--gtest_filter=JsonEscape.NewlineAndTab" "--gtest_also_run_disabled_tests"
Directory: D:/tuple/build_exp/experiments/fix_calibration
"JsonEscape.NewlineAndTab" start time: Mar 09 14:31 GMT Standard Time
Output:
----------------------------------------------------------
Running main() from D:\tuple\build_exp\_deps\googletest-src\googletest\src\gtest_main.cc
Note: Google Test filter = JsonEscape.NewlineAndTab
[==========] Running 1 test from 1 test suite.
[----------] Global test environment set-up.
[----------] 1 test from JsonEscape
[ RUN      ] JsonEscape.NewlineAndTab
[       OK ] JsonEscape.NewlineAndTab (0 ms)
[----------] 1 test from JsonEscape (0 ms total)

[----------] Global test environment tear-down
[==========] 1 test from 1 test suite ran. (0 ms total)
[  PASSED  ] 1 test.
<end of output>
Test time =   0.10 sec
----------------------------------------------------------
Test Passed.
"JsonEscape.NewlineAndTab" end time: Mar 09 14:31 GMT Standard Time
"JsonEscape.NewlineAndTab" time elapsed: 00:00:00
----------------------------------------------------------

78/90 Testing: JsonEscape.ControlChar
78/90 Test: JsonEscape.ControlChar
Command: "D:/tuple/build_exp/experiments/fix_calibration/Release/fix_experiment_test_output.exe" "--gtest_filter=JsonEscape.ControlChar" "--gtest_also_run_disabled_tests"
Directory: D:/tuple/build_exp/experiments/fix_calibration
"JsonEscape.ControlChar" start time: Mar 09 14:31 GMT Standard Time
Output:
----------------------------------------------------------
Running main() from D:\tuple\build_exp\_deps\googletest-src\googletest\src\gtest_main.cc
Note: Google Test filter = JsonEscape.ControlChar
[==========] Running 1 test from 1 test suite.
[----------] Global test environment set-up.
[----------] 1 test from JsonEscape
[ RUN      ] JsonEscape.ControlChar
[       OK ] JsonEscape.ControlChar (0 ms)
[----------] 1 test from JsonEscape (0 ms total)

[----------] Global test environment tear-down
[==========] 1 test from 1 test suite ran. (0 ms total)
[  PASSED  ] 1 test.
<end of output>
Test time =   0.10 sec
----------------------------------------------------------
Test Passed.
"JsonEscape.ControlChar" end time: Mar 09 14:31 GMT Standard Time
"JsonEscape.ControlChar" time elapsed: 00:00:00
----------------------------------------------------------

79/90 Testing: JsonReport.EmptyCandidates
79/90 Test: JsonReport.EmptyCandidates
Command: "D:/tuple/build_exp/experiments/fix_calibration/Release/fix_experiment_test_output.exe" "--gtest_filter=JsonReport.EmptyCandidates" "--gtest_also_run_disabled_tests"
Directory: D:/tuple/build_exp/experiments/fix_calibration
"JsonReport.EmptyCandidates" start time: Mar 09 14:31 GMT Standard Time
Output:
----------------------------------------------------------
Running main() from D:\tuple\build_exp\_deps\googletest-src\googletest\src\gtest_main.cc
Note: Google Test filter = JsonReport.EmptyCandidates
[==========] Running 1 test from 1 test suite.
[----------] Global test environment set-up.
[----------] 1 test from JsonReport
[ RUN      ] JsonReport.EmptyCandidates
[       OK ] JsonReport.EmptyCandidates (0 ms)
[----------] 1 test from JsonReport (0 ms total)

[----------] Global test environment tear-down
[==========] 1 test from 1 test suite ran. (0 ms total)
[  PASSED  ] 1 test.
<end of output>
Test time =   0.10 sec
----------------------------------------------------------
Test Passed.
"JsonReport.EmptyCandidates" end time: Mar 09 14:31 GMT Standard Time
"JsonReport.EmptyCandidates" time elapsed: 00:00:00
----------------------------------------------------------

80/90 Testing: JsonReport.InvalidBestIndexThrows
80/90 Test: JsonReport.InvalidBestIndexThrows
Command: "D:/tuple/build_exp/experiments/fix_calibration/Release/fix_experiment_test_output.exe" "--gtest_filter=JsonReport.InvalidBestIndexThrows" "--gtest_also_run_disabled_tests"
Directory: D:/tuple/build_exp/experiments/fix_calibration
"JsonReport.InvalidBestIndexThrows" start time: Mar 09 14:31 GMT Standard Time
Output:
----------------------------------------------------------
Running main() from D:\tuple\build_exp\_deps\googletest-src\googletest\src\gtest_main.cc
Note: Google Test filter = JsonReport.InvalidBestIndexThrows
[==========] Running 1 test from 1 test suite.
[----------] Global test environment set-up.
[----------] 1 test from JsonReport
[ RUN      ] JsonReport.InvalidBestIndexThrows
[       OK ] JsonReport.InvalidBestIndexThrows (0 ms)
[----------] 1 test from JsonReport (0 ms total)

[----------] Global test environment tear-down
[==========] 1 test from 1 test suite ran. (0 ms total)
[  PASSED  ] 1 test.
<end of output>
Test time =   0.10 sec
----------------------------------------------------------
Test Passed.
"JsonReport.InvalidBestIndexThrows" end time: Mar 09 14:31 GMT Standard Time
"JsonReport.InvalidBestIndexThrows" time elapsed: 00:00:00
----------------------------------------------------------

81/90 Testing: JsonReport.WriteToTempDir
81/90 Test: JsonReport.WriteToTempDir
Command: "D:/tuple/build_exp/experiments/fix_calibration/Release/fix_experiment_test_output.exe" "--gtest_filter=JsonReport.WriteToTempDir" "--gtest_also_run_disabled_tests"
Directory: D:/tuple/build_exp/experiments/fix_calibration
"JsonReport.WriteToTempDir" start time: Mar 09 14:31 GMT Standard Time
Output:
----------------------------------------------------------
Running main() from D:\tuple\build_exp\_deps\googletest-src\googletest\src\gtest_main.cc
Note: Google Test filter = JsonReport.WriteToTempDir
[==========] Running 1 test from 1 test suite.
[----------] Global test environment set-up.
[----------] 1 test from JsonReport
[ RUN      ] JsonReport.WriteToTempDir
unknown file: error: C++ exception with description "remove_all: The process cannot access the file because it is being used by another process.: "C:\Users\User\AppData\Local\Temp\ctdp_test_output"" thrown in the test body.

[  FAILED  ] JsonReport.WriteToTempDir (4 ms)
[----------] 1 test from JsonReport (4 ms total)

[----------] Global test environment tear-down
[==========] 1 test from 1 test suite ran. (4 ms total)
[  PASSED  ] 0 tests.
[  FAILED  ] 1 test, listed below:
[  FAILED  ] JsonReport.WriteToTempDir

 1 FAILED TEST
<end of output>
Test time =   0.11 sec
----------------------------------------------------------
Test Failed.
"JsonReport.WriteToTempDir" end time: Mar 09 14:31 GMT Standard Time
"JsonReport.WriteToTempDir" time elapsed: 00:00:00
----------------------------------------------------------

82/90 Testing: JsonReport.SchemaHasAllFields
82/90 Test: JsonReport.SchemaHasAllFields
Command: "D:/tuple/build_exp/experiments/fix_calibration/Release/fix_experiment_test_output.exe" "--gtest_filter=JsonReport.SchemaHasAllFields" "--gtest_also_run_disabled_tests"
Directory: D:/tuple/build_exp/experiments/fix_calibration
"JsonReport.SchemaHasAllFields" start time: Mar 09 14:31 GMT Standard Time
Output:
----------------------------------------------------------
Running main() from D:\tuple\build_exp\_deps\googletest-src\googletest\src\gtest_main.cc
Note: Google Test filter = JsonReport.SchemaHasAllFields
[==========] Running 1 test from 1 test suite.
[----------] Global test environment set-up.
[----------] 1 test from JsonReport
[ RUN      ] JsonReport.SchemaHasAllFields
[       OK ] JsonReport.SchemaHasAllFields (0 ms)
[----------] 1 test from JsonReport (0 ms total)

[----------] Global test environment tear-down
[==========] 1 test from 1 test suite ran. (0 ms total)
[  PASSED  ] 1 test.
<end of output>
Test time =   0.10 sec
----------------------------------------------------------
Test Passed.
"JsonReport.SchemaHasAllFields" end time: Mar 09 14:31 GMT Standard Time
"JsonReport.SchemaHasAllFields" time elapsed: 00:00:00
----------------------------------------------------------

83/90 Testing: OutputTable.EmptyCandidates
83/90 Test: OutputTable.EmptyCandidates
Command: "D:/tuple/build_exp/experiments/fix_calibration/Release/fix_experiment_test_output.exe" "--gtest_filter=OutputTable.EmptyCandidates" "--gtest_also_run_disabled_tests"
Directory: D:/tuple/build_exp/experiments/fix_calibration
"OutputTable.EmptyCandidates" start time: Mar 09 14:31 GMT Standard Time
Output:
----------------------------------------------------------
Running main() from D:\tuple\build_exp\_deps\googletest-src\googletest\src\gtest_main.cc
Note: Google Test filter = OutputTable.EmptyCandidates
[==========] Running 1 test from 1 test suite.
[----------] Global test environment set-up.
[----------] 1 test from OutputTable
[ RUN      ] OutputTable.EmptyCandidates
[       OK ] OutputTable.EmptyCandidates (0 ms)
[----------] 1 test from OutputTable (0 ms total)

[----------] Global test environment tear-down
[==========] 1 test from 1 test suite ran. (0 ms total)
[  PASSED  ] 1 test.
<end of output>
Test time =   0.10 sec
----------------------------------------------------------
Test Passed.
"OutputTable.EmptyCandidates" end time: Mar 09 14:31 GMT Standard Time
"OutputTable.EmptyCandidates" time elapsed: 00:00:00
----------------------------------------------------------

84/90 Testing: OutputTable.InvalidBestIndexThrows
84/90 Test: OutputTable.InvalidBestIndexThrows
Command: "D:/tuple/build_exp/experiments/fix_calibration/Release/fix_experiment_test_output.exe" "--gtest_filter=OutputTable.InvalidBestIndexThrows" "--gtest_also_run_disabled_tests"
Directory: D:/tuple/build_exp/experiments/fix_calibration
"OutputTable.InvalidBestIndexThrows" start time: Mar 09 14:31 GMT Standard Time
Output:
----------------------------------------------------------
Running main() from D:\tuple\build_exp\_deps\googletest-src\googletest\src\gtest_main.cc
Note: Google Test filter = OutputTable.InvalidBestIndexThrows
[==========] Running 1 test from 1 test suite.
[----------] Global test environment set-up.
[----------] 1 test from OutputTable
[ RUN      ] OutputTable.InvalidBestIndexThrows
[       OK ] OutputTable.InvalidBestIndexThrows (0 ms)
[----------] 1 test from OutputTable (0 ms total)

[----------] Global test environment tear-down
[==========] 1 test from 1 test suite ran. (0 ms total)
[  PASSED  ] 1 test.
<end of output>
Test time =   0.10 sec
----------------------------------------------------------
Test Passed.
"OutputTable.InvalidBestIndexThrows" end time: Mar 09 14:31 GMT Standard Time
"OutputTable.InvalidBestIndexThrows" time elapsed: 00:00:00
----------------------------------------------------------

85/90 Testing: OutputTable.ContainsKeyFields
85/90 Test: OutputTable.ContainsKeyFields
Command: "D:/tuple/build_exp/experiments/fix_calibration/Release/fix_experiment_test_output.exe" "--gtest_filter=OutputTable.ContainsKeyFields" "--gtest_also_run_disabled_tests"
Directory: D:/tuple/build_exp/experiments/fix_calibration
"OutputTable.ContainsKeyFields" start time: Mar 09 14:31 GMT Standard Time
Output:
----------------------------------------------------------
Running main() from D:\tuple\build_exp\_deps\googletest-src\googletest\src\gtest_main.cc
Note: Google Test filter = OutputTable.ContainsKeyFields
[==========] Running 1 test from 1 test suite.
[----------] Global test environment set-up.
[----------] 1 test from OutputTable
[ RUN      ] OutputTable.ContainsKeyFields
[       OK ] OutputTable.ContainsKeyFields (0 ms)
[----------] 1 test from OutputTable (0 ms total)

[----------] Global test environment tear-down
[==========] 1 test from 1 test suite ran. (0 ms total)
[  PASSED  ] 1 test.
<end of output>
Test time =   0.10 sec
----------------------------------------------------------
Test Passed.
"OutputTable.ContainsKeyFields" end time: Mar 09 14:31 GMT Standard Time
"OutputTable.ContainsKeyFields" time elapsed: 00:00:00
----------------------------------------------------------

86/90 Testing: OutputTable.MisRankDetected
86/90 Test: OutputTable.MisRankDetected
Command: "D:/tuple/build_exp/experiments/fix_calibration/Release/fix_experiment_test_output.exe" "--gtest_filter=OutputTable.MisRankDetected" "--gtest_also_run_disabled_tests"
Directory: D:/tuple/build_exp/experiments/fix_calibration
"OutputTable.MisRankDetected" start time: Mar 09 14:31 GMT Standard Time
Output:
----------------------------------------------------------
Running main() from D:\tuple\build_exp\_deps\googletest-src\googletest\src\gtest_main.cc
Note: Google Test filter = OutputTable.MisRankDetected
[==========] Running 1 test from 1 test suite.
[----------] Global test environment set-up.
[----------] 1 test from OutputTable
[ RUN      ] OutputTable.MisRankDetected
[       OK ] OutputTable.MisRankDetected (0 ms)
[----------] 1 test from OutputTable (0 ms total)

[----------] Global test environment tear-down
[==========] 1 test from 1 test suite ran. (0 ms total)
[  PASSED  ] 1 test.
<end of output>
Test time =   0.10 sec
----------------------------------------------------------
Test Passed.
"OutputTable.MisRankDetected" end time: Mar 09 14:31 GMT Standard Time
"OutputTable.MisRankDetected" time elapsed: 00:00:00
----------------------------------------------------------

87/90 Testing: OutputTable.NoMisRankWhenBestMatchesPrediction
87/90 Test: OutputTable.NoMisRankWhenBestMatchesPrediction
Command: "D:/tuple/build_exp/experiments/fix_calibration/Release/fix_experiment_test_output.exe" "--gtest_filter=OutputTable.NoMisRankWhenBestMatchesPrediction" "--gtest_also_run_disabled_tests"
Directory: D:/tuple/build_exp/experiments/fix_calibration
"OutputTable.NoMisRankWhenBestMatchesPrediction" start time: Mar 09 14:31 GMT Standard Time
Output:
----------------------------------------------------------
Running main() from D:\tuple\build_exp\_deps\googletest-src\googletest\src\gtest_main.cc
Note: Google Test filter = OutputTable.NoMisRankWhenBestMatchesPrediction
[==========] Running 1 test from 1 test suite.
[----------] Global test environment set-up.
[----------] 1 test from OutputTable
[ RUN      ] OutputTable.NoMisRankWhenBestMatchesPrediction
[       OK ] OutputTable.NoMisRankWhenBestMatchesPrediction (0 ms)
[----------] 1 test from OutputTable (0 ms total)

[----------] Global test environment tear-down
[==========] 1 test from 1 test suite ran. (0 ms total)
[  PASSED  ] 1 test.
<end of output>
Test time =   0.10 sec
----------------------------------------------------------
Test Passed.
"OutputTable.NoMisRankWhenBestMatchesPrediction" end time: Mar 09 14:31 GMT Standard Time
"OutputTable.NoMisRankWhenBestMatchesPrediction" time elapsed: 00:00:00
----------------------------------------------------------

88/90 Testing: OutputTable.StreamStateRestored
88/90 Test: OutputTable.StreamStateRestored
Command: "D:/tuple/build_exp/experiments/fix_calibration/Release/fix_experiment_test_output.exe" "--gtest_filter=OutputTable.StreamStateRestored" "--gtest_also_run_disabled_tests"
Directory: D:/tuple/build_exp/experiments/fix_calibration
"OutputTable.StreamStateRestored" start time: Mar 09 14:31 GMT Standard Time
Output:
----------------------------------------------------------
Running main() from D:\tuple\build_exp\_deps\googletest-src\googletest\src\gtest_main.cc
Note: Google Test filter = OutputTable.StreamStateRestored
[==========] Running 1 test from 1 test suite.
[----------] Global test environment set-up.
[----------] 1 test from OutputTable
[ RUN      ] OutputTable.StreamStateRestored
[       OK ] OutputTable.StreamStateRestored (0 ms)
[----------] 1 test from OutputTable (0 ms total)

[----------] Global test environment tear-down
[==========] 1 test from 1 test suite ran. (0 ms total)
[  PASSED  ] 1 test.
<end of output>
Test time =   0.10 sec
----------------------------------------------------------
Test Passed.
"OutputTable.StreamStateRestored" end time: Mar 09 14:31 GMT Standard Time
"OutputTable.StreamStateRestored" time elapsed: 00:00:00
----------------------------------------------------------

89/90 Testing: CallbackSignature.PrintReportIsOneArg
89/90 Test: CallbackSignature.PrintReportIsOneArg
Command: "D:/tuple/build_exp/experiments/fix_calibration/Release/fix_experiment_test_output.exe" "--gtest_filter=CallbackSignature.PrintReportIsOneArg" "--gtest_also_run_disabled_tests"
Directory: D:/tuple/build_exp/experiments/fix_calibration
"CallbackSignature.PrintReportIsOneArg" start time: Mar 09 14:31 GMT Standard Time
Output:
----------------------------------------------------------
Running main() from D:\tuple\build_exp\_deps\googletest-src\googletest\src\gtest_main.cc
Note: Google Test filter = CallbackSignature.PrintReportIsOneArg
[==========] Running 1 test from 1 test suite.
[----------] Global test environment set-up.
[----------] 1 test from CallbackSignature
[ RUN      ] CallbackSignature.PrintReportIsOneArg
[       OK ] CallbackSignature.PrintReportIsOneArg (0 ms)
[----------] 1 test from CallbackSignature (0 ms total)

[----------] Global test environment tear-down
[==========] 1 test from 1 test suite ran. (0 ms total)
[  PASSED  ] 1 test.
<end of output>
Test time =   0.10 sec
----------------------------------------------------------
Test Passed.
"CallbackSignature.PrintReportIsOneArg" end time: Mar 09 14:31 GMT Standard Time
"CallbackSignature.PrintReportIsOneArg" time elapsed: 00:00:00
----------------------------------------------------------

90/90 Testing: CallbackSignature.WriteJsonReportIsOneArg
90/90 Test: CallbackSignature.WriteJsonReportIsOneArg
Command: "D:/tuple/build_exp/experiments/fix_calibration/Release/fix_experiment_test_output.exe" "--gtest_filter=CallbackSignature.WriteJsonReportIsOneArg" "--gtest_also_run_disabled_tests"
Directory: D:/tuple/build_exp/experiments/fix_calibration
"CallbackSignature.WriteJsonReportIsOneArg" start time: Mar 09 14:31 GMT Standard Time
Output:
----------------------------------------------------------
Running main() from D:\tuple\build_exp\_deps\googletest-src\googletest\src\gtest_main.cc
Note: Google Test filter = CallbackSignature.WriteJsonReportIsOneArg
[==========] Running 1 test from 1 test suite.
[----------] Global test environment set-up.
[----------] 1 test from CallbackSignature
[ RUN      ] CallbackSignature.WriteJsonReportIsOneArg
[       OK ] CallbackSignature.WriteJsonReportIsOneArg (0 ms)
[----------] 1 test from CallbackSignature (0 ms total)

[----------] Global test environment tear-down
[==========] 1 test from 1 test suite ran. (0 ms total)
[  PASSED  ] 1 test.
<end of output>
Test time =   0.10 sec
----------------------------------------------------------
Test Passed.
"CallbackSignature.WriteJsonReportIsOneArg" end time: Mar 09 14:31 GMT Standard Time
"CallbackSignature.WriteJsonReportIsOneArg" time elapsed: 00:00:00
----------------------------------------------------------

End testing: Mar 09 14:31 GMT Standard Time
